<?xml version="1.0" encoding="UTF-8"?>
<!-- Generated by org.testng.reporters.JUnitReportReporter -->
<testsuite skipped="0" hostname="akms-MBP.home" name="home.TestHome" tests="1" failures="0" timestamp="2019-09-23T11:17:37 EDT" time="14.752" errors="0">
  <testcase name="test1" time="14.752" classname="home.TestHome"/>
</testsuite> <!-- home.TestHome -->
