<?xml version="1.0" encoding="UTF-8"?>
<!-- Generated by org.testng.reporters.JUnitReportReporter -->
<testsuite skipped="0" hostname="LAPTOP-LNOE2B0V" name="home.TestFooterTabs" tests="20" failures="0" timestamp="2019-10-18T16:22:20 EDT" time="287.882" errors="0">
  <testcase name="testFactsSection" time="6.381" classname="home.TestFooterTabs"/>
  <testcase name="getPrivacyPolicy" time="39.115" classname="home.TestFooterTabs"/>
  <testcase name="testParentingSection" time="10.091" classname="home.TestFooterTabs"/>
  <testcase name="licenseFootage" time="12.187" classname="home.TestFooterTabs"/>
  <testcase name="get2019Elections" time="9.081" classname="home.TestFooterTabs"/>
  <testcase name="goToCNNStore" time="7.686" classname="home.TestFooterTabs"/>
  <testcase name="testOnFooterMenu" time="17.818" classname="home.TestFooterTabs"/>
  <testcase name="validateFooterTurner" time="8.080" classname="home.TestFooterTabs"/>
  <testcase name="testPlayPage" time="18.000" classname="home.TestFooterTabs"/>
  <testcase name="getAdChoices" time="7.322" classname="home.TestFooterTabs"/>
  <testcase name="getTermsOfUseButton" time="19.038" classname="home.TestFooterTabs"/>
  <testcase name="validateLinkTextSports" time="7.800" classname="home.TestFooterTabs"/>
  <testcase name="getSiteMap" time="9.727" classname="home.TestFooterTabs"/>
  <testcase name="getCNNStudioTours" time="9.102" classname="home.TestFooterTabs"/>
  <testcase name="getAboutUs" time="18.589" classname="home.TestFooterTabs"/>
  <testcase name="getCNNNewSource" time="23.166" classname="home.TestFooterTabs"/>
  <testcase name="goToNewsletter" time="14.757" classname="home.TestFooterTabs"/>
  <testcase name="testArchitecturePage" time="9.729" classname="home.TestFooterTabs"/>
  <testcase name="getAccessibilityAndCc" time="21.604" classname="home.TestFooterTabs"/>
  <testcase name="getTranscript" time="18.609" classname="home.TestFooterTabs"/>
</testsuite> <!-- home.TestFooterTabs -->
