<?xml version="1.0" encoding="UTF-8"?>
<!-- Generated by org.testng.reporters.JUnitReportReporter -->
<testsuite skipped="0" hostname="LAPTOP-LNOE2B0V" name="home.TestCnnCareers" tests="18" failures="0" timestamp="2019-10-20T00:59:36 EDT" time="373.653" errors="0">
  <testcase name="getITJobs" time="33.048" classname="home.TestCnnCareers"/>
  <testcase name="signUpForNewsLetter" time="22.765" classname="home.TestCnnCareers"/>
  <testcase name="filterByBusinessDevJobs" time="30.444" classname="home.TestCnnCareers"/>
  <testcase name="filterByCountryUsa" time="11.738" classname="home.TestCnnCareers"/>
  <testcase name="filterByAdminJobs" time="71.017" classname="home.TestCnnCareers"/>
  <testcase name="filterByAnalyticsJobs" time="10.756" classname="home.TestCnnCareers"/>
  <testcase name="filterByCountry" time="18.560" classname="home.TestCnnCareers"/>
  <testcase name="getSports" time="16.149" classname="home.TestCnnCareers"/>
  <testcase name="findCnnLeadership" time="11.652" classname="home.TestCnnCareers"/>
  <testcase name="getNews" time="11.079" classname="home.TestCnnCareers"/>
  <testcase name="checkCareersUrl" time="6.617" classname="home.TestCnnCareers"/>
  <testcase name="searchByLocation" time="18.782" classname="home.TestCnnCareers"/>
  <testcase name="scrollToViewCnnCareers" time="31.778" classname="home.TestCnnCareers"/>
  <testcase name="filterByUK" time="19.488" classname="home.TestCnnCareers"/>
  <testcase name="searchTechJobs" time="18.662" classname="home.TestCnnCareers"/>
  <testcase name="findInnovativeCities" time="9.342" classname="home.TestCnnCareers"/>
  <testcase name="searchFinanceJobs" time="12.697" classname="home.TestCnnCareers"/>
  <testcase name="searchAdminJobs" time="19.079" classname="home.TestCnnCareers"/>
</testsuite> <!-- home.TestCnnCareers -->
