<?xml version="1.0" encoding="UTF-8"?>
<!-- Generated by org.testng.reporters.JUnitReportReporter -->
<testsuite skipped="0" hostname="LAPTOP-LNOE2B0V" name="home.TestCheckEdition" tests="5" failures="0" timestamp="2019-10-20T00:59:36 EDT" time="156.615" errors="0">
  <testcase name="checkEditionButton" time="74.484" classname="home.TestCheckEdition"/>
  <testcase name="checkArabicEdition" time="17.569" classname="home.TestCheckEdition"/>
  <testcase name="checkEspanolEdition" time="22.759" classname="home.TestCheckEdition"/>
  <testcase name="checkUSEdition" time="18.853" classname="home.TestCheckEdition"/>
  <testcase name="checkInternationalEd" time="22.950" classname="home.TestCheckEdition"/>
</testsuite> <!-- home.TestCheckEdition -->
