<?xml version="1.0" encoding="UTF-8"?>
<!-- Generated by org.testng.reporters.JUnitReportReporter -->
<testsuite skipped="0" hostname="LAPTOP-LNOE2B0V" name="home.TestLive" tests="4" failures="0" timestamp="2019-10-04T19:25:04 EDT" time="34.849" errors="0">
  <testcase name="testLive" time="7.601" classname="home.TestLive"/>
  <testcase name="viewsettings" time="7.889" classname="home.TestLive"/>
  <testcase name="viewShows" time="11.749" classname="home.TestLive"/>
  <testcase name="viewChannels" time="7.610" classname="home.TestLive"/>
</testsuite> <!-- home.TestLive -->
