<?xml version="1.0" encoding="UTF-8"?>
<!-- Generated by org.testng.reporters.JUnitReportReporter -->
<testsuite skipped="0" hostname="LAPTOP-LNOE2B0V" name="home.TestSearchPage" tests="18" failures="0" timestamp="2019-10-20T00:59:36 EDT" time="430.959" errors="0">
  <testcase name="testAsiaPage" time="7.596" classname="home.TestSearchPage"/>
  <testcase name="testCNNFilmsPage" time="24.868" classname="home.TestSearchPage"/>
  <testcase name="navigateToStylePage" time="20.777" classname="home.TestSearchPage"/>
  <testcase name="testEuropeSection" time="57.848" classname="home.TestSearchPage"/>
  <testcase name="checkTechPage" time="20.738" classname="home.TestSearchPage"/>
  <testcase name="navigateToPoliticsSection" time="18.081" classname="home.TestSearchPage"/>
  <testcase name="testSearchCoupons" time="19.994" classname="home.TestSearchPage"/>
  <testcase name="testDigitalStudiosPage" time="13.729" classname="home.TestSearchPage"/>
  <testcase name="testNavigateToUsSection" time="19.987" classname="home.TestSearchPage"/>
  <testcase name="navigateToOpinionPage" time="14.621" classname="home.TestSearchPage"/>
  <testcase name="testInnovativeCitiesPage" time="21.678" classname="home.TestSearchPage"/>
  <testcase name="navigateToHealthPage" time="8.097" classname="home.TestSearchPage"/>
  <testcase name="navigateToSportsPage" time="22.576" classname="home.TestSearchPage"/>
  <testcase name="navigateToWorldSection" time="73.688" classname="home.TestSearchPage"/>
  <testcase name="navigateToVideosPage" time="18.278" classname="home.TestSearchPage"/>
  <testcase name="navigateToTravelPage" time="25.774" classname="home.TestSearchPage"/>
  <testcase name="navigateToBusinessPage" time="21.154" classname="home.TestSearchPage"/>
  <testcase name="navigateToEntertainmentPage" time="21.475" classname="home.TestSearchPage"/>
</testsuite> <!-- home.TestSearchPage -->
