<?xml version="1.0" encoding="UTF-8"?>
<!-- Generated by org.testng.reporters.JUnitReportReporter -->
<testsuite skipped="0" hostname="LAPTOP-LNOE2B0V" name="home.TestSearchPage" tests="18" failures="0" timestamp="2019-10-18T16:22:20 EDT" time="319.952" errors="0">
  <testcase name="testCNNFilmsPage" time="17.084" classname="home.TestSearchPage"/>
  <testcase name="navigateToWorldSection" time="18.398" classname="home.TestSearchPage"/>
  <testcase name="navigateToStylePage" time="30.942" classname="home.TestSearchPage"/>
  <testcase name="testNavigateToUsSection" time="23.981" classname="home.TestSearchPage"/>
  <testcase name="checkTechPage" time="9.345" classname="home.TestSearchPage"/>
  <testcase name="testInnovativeCitiesPage" time="11.766" classname="home.TestSearchPage"/>
  <testcase name="navigateToPoliticsSection" time="18.914" classname="home.TestSearchPage"/>
  <testcase name="testDigitalStudiosPage" time="9.637" classname="home.TestSearchPage"/>
  <testcase name="testEuropeSection" time="20.785" classname="home.TestSearchPage"/>
  <testcase name="testSearchCoupons" time="16.739" classname="home.TestSearchPage"/>
  <testcase name="testAsiaPage" time="8.602" classname="home.TestSearchPage"/>
  <testcase name="navigateToOpinionPage" time="29.957" classname="home.TestSearchPage"/>
  <testcase name="navigateToHealthPage" time="18.984" classname="home.TestSearchPage"/>
  <testcase name="navigateToSportsPage" time="20.926" classname="home.TestSearchPage"/>
  <testcase name="navigateToTravelPage" time="31.518" classname="home.TestSearchPage"/>
  <testcase name="navigateToBusinessPage" time="7.048" classname="home.TestSearchPage"/>
  <testcase name="navigateToVideosPage" time="9.304" classname="home.TestSearchPage"/>
  <testcase name="navigateToEntertainmentPage" time="16.022" classname="home.TestSearchPage"/>
</testsuite> <!-- home.TestSearchPage -->
