<?xml version="1.0" encoding="UTF-8"?>
<!-- Generated by org.testng.reporters.JUnitReportReporter -->
<testsuite skipped="0" hostname="LAPTOP-LNOE2B0V" name="home.TestTypeText" tests="26" failures="0" timestamp="2019-10-04T19:25:04 EDT" time="227.181" errors="0">
  <testcase name="typeVoting" time="6.278" classname="home.TestTypeText"/>
  <testcase name="typeNancyPelosi" time="7.826" classname="home.TestTypeText"/>
  <testcase name="typeNasa" time="10.100" classname="home.TestTypeText"/>
  <testcase name="typeMta" time="7.194" classname="home.TestTypeText"/>
  <testcase name="typeIphone" time="12.473" classname="home.TestTypeText"/>
  <testcase name="typeTechnology" time="7.742" classname="home.TestTypeText"/>
  <testcase name="typeIphonePro" time="6.735" classname="home.TestTypeText"/>
  <testcase name="typeNYSubway" time="11.314" classname="home.TestTypeText"/>
  <testcase name="typeJustinBieber" time="6.238" classname="home.TestTypeText"/>
  <testcase name="typeFBI" time="6.948" classname="home.TestTypeText"/>
  <testcase name="typeDemocrats" time="9.584" classname="home.TestTypeText"/>
  <testcase name="typeNYPD" time="9.769" classname="home.TestTypeText"/>
  <testcase name="typeJoeBiden" time="8.032" classname="home.TestTypeText"/>
  <testcase name="typeGadget" time="7.438" classname="home.TestTypeText"/>
  <testcase name="typeGmailDarkMode" time="7.468" classname="home.TestTypeText"/>
  <testcase name="typeSamsung" time="7.611" classname="home.TestTypeText"/>
  <testcase name="typeEconomy" time="11.531" classname="home.TestTypeText"/>
  <testcase name="typeCollege" time="12.845" classname="home.TestTypeText"/>
  <testcase name="typeMichellePhan" time="7.922" classname="home.TestTypeText"/>
  <testcase name="typeConstitution" time="10.114" classname="home.TestTypeText"/>
  <testcase name="typeRecent" time="7.390" classname="home.TestTypeText"/>
  <testcase name="typeTrump" time="8.201" classname="home.TestTypeText"/>
  <testcase name="typeImpeachment" time="9.812" classname="home.TestTypeText"/>
  <testcase name="typeBusiness" time="7.803" classname="home.TestTypeText"/>
  <testcase name="typeUnemployment" time="6.685" classname="home.TestTypeText"/>
  <testcase name="typeRepublicans" time="12.128" classname="home.TestTypeText"/>
</testsuite> <!-- home.TestTypeText -->
