<?xml version="1.0" encoding="UTF-8"?>
<!-- Generated by org.testng.reporters.JUnitReportReporter -->
<testsuite skipped="0" hostname="LAPTOP-LNOE2B0V" name="home.TestCheckTitle" tests="1" failures="0" timestamp="2019-10-04T19:25:04 EDT" time="12.444" errors="0">
  <testcase name="checkTitle" time="12.444" classname="home.TestCheckTitle"/>
</testsuite> <!-- home.TestCheckTitle -->
