<?xml version="1.0" encoding="UTF-8"?>
<!-- Generated by org.testng.reporters.JUnitReportReporter -->
<testsuite skipped="0" hostname="LAPTOP-LNOE2B0V" name="home.TestJ" tests="1" failures="0" timestamp="2019-10-18T00:14:21 EDT" time="48.542" errors="0">
  <testcase name="testDropDown" time="48.542" classname="home.TestJ"/>
</testsuite> <!-- home.TestJ -->
