<?xml version="1.0" encoding="UTF-8"?>
<!-- Generated by org.testng.reporters.JUnitReportReporter -->
<testsuite skipped="0" hostname="LAPTOP-LNOE2B0V" name="home.TestTypeText" tests="26" failures="0" timestamp="2019-10-20T00:59:36 EDT" time="438.715" errors="0">
  <testcase name="typeNasa" time="11.289" classname="home.TestTypeText"/>
  <testcase name="typeRecent" time="17.870" classname="home.TestTypeText"/>
  <testcase name="typeNYSubway" time="14.292" classname="home.TestTypeText"/>
  <testcase name="typeBusiness" time="68.433" classname="home.TestTypeText"/>
  <testcase name="typeEconomy" time="8.052" classname="home.TestTypeText"/>
  <testcase name="typeIphonePro" time="11.024" classname="home.TestTypeText"/>
  <testcase name="typeCollege" time="10.690" classname="home.TestTypeText"/>
  <testcase name="typeJustinBieber" time="18.497" classname="home.TestTypeText"/>
  <testcase name="typeDemocrats" time="11.837" classname="home.TestTypeText"/>
  <testcase name="typeConstitution" time="42.865" classname="home.TestTypeText"/>
  <testcase name="typeSamsung" time="12.879" classname="home.TestTypeText"/>
  <testcase name="typeUnemployment" time="19.186" classname="home.TestTypeText"/>
  <testcase name="typeNancyPelosi" time="16.496" classname="home.TestTypeText"/>
  <testcase name="typeGmailDarkMode" time="10.915" classname="home.TestTypeText"/>
  <testcase name="typeGadget" time="8.522" classname="home.TestTypeText"/>
  <testcase name="typeTrump" time="10.514" classname="home.TestTypeText"/>
  <testcase name="typeMichellePhan" time="11.998" classname="home.TestTypeText"/>
  <testcase name="typeIphone" time="10.795" classname="home.TestTypeText"/>
  <testcase name="typeVoting" time="11.322" classname="home.TestTypeText"/>
  <testcase name="typeFBI" time="15.243" classname="home.TestTypeText"/>
  <testcase name="typeJoeBiden" time="11.136" classname="home.TestTypeText"/>
  <testcase name="typeImpeachment" time="16.323" classname="home.TestTypeText"/>
  <testcase name="typeNYPD" time="12.582" classname="home.TestTypeText"/>
  <testcase name="typeRepublicans" time="18.664" classname="home.TestTypeText"/>
  <testcase name="typeMta" time="18.739" classname="home.TestTypeText"/>
  <testcase name="typeTechnology" time="18.552" classname="home.TestTypeText"/>
</testsuite> <!-- home.TestTypeText -->
