<?xml version="1.0" encoding="UTF-8"?>
<!-- Generated by org.testng.reporters.JUnitReportReporter -->
<testsuite skipped="0" hostname="LAPTOP-LNOE2B0V" name="home.TestSearchText" tests="24" failures="0" timestamp="2019-10-04T19:25:04 EDT" time="205.754" errors="0">
  <testcase name="followOnTwitter" time="7.679" classname="home.TestSearchText"/>
  <testcase name="searchBangladesh" time="8.277" classname="home.TestSearchText"/>
  <testcase name="searchNews" time="7.378" classname="home.TestSearchText"/>
  <testcase name="searchMedia" time="7.806" classname="home.TestSearchText"/>
  <testcase name="searchPhotos" time="12.422" classname="home.TestSearchText"/>
  <testcase name="searchOpinion" time="7.161" classname="home.TestSearchText"/>
  <testcase name="getCongress" time="7.559" classname="home.TestSearchText"/>
  <testcase name="cnnCareers" time="8.369" classname="home.TestSearchText"/>
  <testcase name="searchUSCrime" time="7.957" classname="home.TestSearchText"/>
  <testcase name="searchLifestyle" time="11.558" classname="home.TestSearchText"/>
  <testcase name="followOnFacebook" time="7.445" classname="home.TestSearchText"/>
  <testcase name="searchWeather" time="7.539" classname="home.TestSearchText"/>
  <testcase name="followOnInstagram" time="10.492" classname="home.TestSearchText"/>
  <testcase name="searcSocial" time="9.632" classname="home.TestSearchText"/>
  <testcase name="searchFashion" time="10.963" classname="home.TestSearchText"/>
  <testcase name="testSearchFood" time="9.844" classname="home.TestSearchText"/>
  <testcase name="getChina" time="7.779" classname="home.TestSearchText"/>
  <testcase name="searcEnergy" time="7.679" classname="home.TestSearchText"/>
  <testcase name="searchTvSchedule" time="7.798" classname="home.TestSearchText"/>
  <testcase name="searchBasketball" time="8.062" classname="home.TestSearchText"/>
  <testcase name="searchUS" time="6.638" classname="home.TestSearchText"/>
  <testcase name="searchCNNProfile" time="10.849" classname="home.TestSearchText"/>
  <testcase name="searchOlympics" time="7.705" classname="home.TestSearchText"/>
  <testcase name="searchGadegts" time="7.163" classname="home.TestSearchText"/>
</testsuite> <!-- home.TestSearchText -->
