<?xml version="1.0" encoding="UTF-8"?>
<!-- Generated by org.testng.reporters.JUnitReportReporter -->
<testsuite skipped="0" hostname="LAPTOP-LNOE2B0V" name="home.TestFooterTabs" tests="12" failures="0" timestamp="2019-10-04T19:25:04 EDT" time="107.003" errors="0">
  <testcase name="licenseFootage" time="7.491" classname="home.TestFooterTabs"/>
  <testcase name="getAdChoices" time="7.282" classname="home.TestFooterTabs"/>
  <testcase name="goToCNNStore" time="12.844" classname="home.TestFooterTabs"/>
  <testcase name="getTermsosUse" time="7.544" classname="home.TestFooterTabs"/>
  <testcase name="getSitemap" time="7.453" classname="home.TestFooterTabs"/>
  <testcase name="getCNNNewsource" time="10.959" classname="home.TestFooterTabs"/>
  <testcase name="getPrivacypolicy" time="8.824" classname="home.TestFooterTabs"/>
  <testcase name="goToNewsletter" time="9.619" classname="home.TestFooterTabs"/>
  <testcase name="getAccessibilityandcc" time="7.636" classname="home.TestFooterTabs"/>
  <testcase name="getCNNStudioTours" time="10.787" classname="home.TestFooterTabs"/>
  <testcase name="getAboutUs" time="9.226" classname="home.TestFooterTabs"/>
  <testcase name="getTranscript" time="7.338" classname="home.TestFooterTabs"/>
</testsuite> <!-- home.TestFooterTabs -->
