<?xml version="1.0" encoding="UTF-8"?>
<!-- Generated by org.testng.reporters.JUnitReportReporter -->
<testsuite skipped="0" hostname="LAPTOP-LNOE2B0V" name="home.TestFooterTabs" tests="20" failures="0" timestamp="2019-10-20T00:59:36 EDT" time="347.669" errors="0">
  <testcase name="getPrivacyPolicy" time="32.742" classname="home.TestFooterTabs"/>
  <testcase name="goToNewsletter" time="19.387" classname="home.TestFooterTabs"/>
  <testcase name="validateLinkTextSports" time="14.175" classname="home.TestFooterTabs"/>
  <testcase name="goToCNNStore" time="15.339" classname="home.TestFooterTabs"/>
  <testcase name="getTermsOfUseButton" time="22.741" classname="home.TestFooterTabs"/>
  <testcase name="licenseFootage" time="19.569" classname="home.TestFooterTabs"/>
  <testcase name="testArchitecturePage" time="21.843" classname="home.TestFooterTabs"/>
  <testcase name="validateFooterTurner" time="13.106" classname="home.TestFooterTabs"/>
  <testcase name="getCNNStudioTours" time="12.793" classname="home.TestFooterTabs"/>
  <testcase name="getAdChoices" time="14.382" classname="home.TestFooterTabs"/>
  <testcase name="getSiteMap" time="17.920" classname="home.TestFooterTabs"/>
  <testcase name="getCNNNewSource" time="15.005" classname="home.TestFooterTabs"/>
  <testcase name="testOnFooterMenu" time="19.373" classname="home.TestFooterTabs"/>
  <testcase name="getAboutUs" time="14.165" classname="home.TestFooterTabs"/>
  <testcase name="get2019Elections" time="20.774" classname="home.TestFooterTabs"/>
  <testcase name="testParentingSection" time="12.476" classname="home.TestFooterTabs"/>
  <testcase name="testPlayPage" time="15.066" classname="home.TestFooterTabs"/>
  <testcase name="getTranscript" time="18.273" classname="home.TestFooterTabs"/>
  <testcase name="getAccessibilityAndCc" time="16.034" classname="home.TestFooterTabs"/>
  <testcase name="testFactsSection" time="12.506" classname="home.TestFooterTabs"/>
</testsuite> <!-- home.TestFooterTabs -->
