<?xml version="1.0" encoding="UTF-8"?>
<!-- Generated by org.testng.reporters.JUnitReportReporter -->
<testsuite skipped="0" hostname="LAPTOP-LNOE2B0V" name="home.TestSearchText" tests="25" failures="0" timestamp="2019-10-20T00:59:36 EDT" time="341.485" errors="0">
  <testcase name="searchBangladesh" time="10.012" classname="home.TestSearchText"/>
  <testcase name="getCongress" time="11.054" classname="home.TestSearchText"/>
  <testcase name="searchOpinion" time="6.338" classname="home.TestSearchText"/>
  <testcase name="searchOlympics" time="6.742" classname="home.TestSearchText"/>
  <testcase name="followOnTwitter" time="18.261" classname="home.TestSearchText"/>
  <testcase name="cnnCareers" time="22.051" classname="home.TestSearchText"/>
  <testcase name="searchUSCrime" time="11.519" classname="home.TestSearchText"/>
  <testcase name="searchMedia" time="15.789" classname="home.TestSearchText"/>
  <testcase name="followOnInstagram" time="11.913" classname="home.TestSearchText"/>
  <testcase name="searchSocial" time="11.133" classname="home.TestSearchText"/>
  <testcase name="searchTvSchedule" time="35.957" classname="home.TestSearchText"/>
  <testcase name="searchCNNProfile" time="11.266" classname="home.TestSearchText"/>
  <testcase name="searchBasketball" time="7.925" classname="home.TestSearchText"/>
  <testcase name="searchNews" time="15.298" classname="home.TestSearchText"/>
  <testcase name="searchWeather" time="8.003" classname="home.TestSearchText"/>
  <testcase name="getChina" time="6.669" classname="home.TestSearchText"/>
  <testcase name="testSearchFood" time="6.171" classname="home.TestSearchText"/>
  <testcase name="searchEnergy" time="9.001" classname="home.TestSearchText"/>
  <testcase name="searchLifestyle" time="17.267" classname="home.TestSearchText"/>
  <testcase name="searchPhotos" time="8.126" classname="home.TestSearchText"/>
  <testcase name="searchFashion" time="33.036" classname="home.TestSearchText"/>
  <testcase name="searchCollegeFootball" time="8.038" classname="home.TestSearchText"/>
  <testcase name="followOnFacebook" time="7.801" classname="home.TestSearchText"/>
  <testcase name="searchUS" time="9.600" classname="home.TestSearchText"/>
  <testcase name="searchGadgets" time="32.515" classname="home.TestSearchText"/>
</testsuite> <!-- home.TestSearchText -->
