<?xml version="1.0" encoding="UTF-8"?>
<!-- Generated by org.testng.reporters.JUnitReportReporter -->
<testsuite skipped="4" hostname="LAPTOP-LNOE2B0V" name="home.TestHomePage" tests="12" failures="0" timestamp="2019-10-20T00:59:36 EDT" time="205.388" errors="0">
  <testcase name="testParentingSection" time="10.516" classname="home.TestHomePage"/>
  <testcase name="get2019Elections" time="16.515" classname="home.TestHomePage"/>
  <testcase name="testOnMenuIcon" time="69.968" classname="home.TestHomePage"/>
  <testcase name="checkLiveUpdates" time="6.818" classname="home.TestHomePage"/>
  <testcase name="testFactsSection" time="16.884" classname="home.TestHomePage"/>
  <testcase name="viewSettings" time="42.008" classname="home.TestHomePage"/>
  <testcase name="viewChannels" time="7.533" classname="home.TestHomePage"/>
  <testcase name="viewShows" time="35.146" classname="home.TestHomePage"/>
  <testcase name="headerContent" classname="home.TestHomePage">
    <skipped/>
  </testcase> <!-- headerContent -->
  <testcase name="testOnTrending" classname="home.TestHomePage">
    <skipped/>
  </testcase> <!-- testOnTrending -->
  <testcase name="validateSearch" classname="home.TestHomePage">
    <skipped/>
  </testcase> <!-- validateSearch -->
  <testcase name="testOnLiveTV" classname="home.TestHomePage">
    <skipped/>
  </testcase> <!-- testOnLiveTV -->
</testsuite> <!-- home.TestHomePage -->
