<?xml version="1.0" encoding="UTF-8"?>
<!-- Generated by org.testng.reporters.JUnitReportReporter -->
<testsuite skipped="0" hostname="LAPTOP-LNOE2B0V" name="home.TestCheckEdition" tests="5" failures="0" timestamp="2019-10-04T19:25:04 EDT" time="46.462" errors="0">
  <testcase name="checkArabicEdition" time="9.934" classname="home.TestCheckEdition"/>
  <testcase name="checkUSEdition" time="7.779" classname="home.TestCheckEdition"/>
  <testcase name="testCheckEdition" time="10.853" classname="home.TestCheckEdition"/>
  <testcase name="checkInternationalEd" time="7.545" classname="home.TestCheckEdition"/>
  <testcase name="checkEspanolEdition" time="10.351" classname="home.TestCheckEdition"/>
</testsuite> <!-- home.TestCheckEdition -->
