<?xml version="1.0" encoding="UTF-8"?>
<!-- Generated by org.testng.reporters.JUnitReportReporter -->
<testsuite skipped="4" hostname="LAPTOP-LNOE2B0V" name="home.TestHomePage" tests="12" failures="0" timestamp="2019-10-18T16:22:20 EDT" time="114.688" errors="0">
  <testcase name="checkLiveUpdates" time="7.072" classname="home.TestHomePage"/>
  <testcase name="testOnMenuIcon" time="58.131" classname="home.TestHomePage"/>
  <testcase name="viewShows" time="5.878" classname="home.TestHomePage"/>
  <testcase name="viewChannels" time="5.624" classname="home.TestHomePage"/>
  <testcase name="testParentingSection" time="15.878" classname="home.TestHomePage"/>
  <testcase name="viewSettings" time="8.028" classname="home.TestHomePage"/>
  <testcase name="testFactsSection" time="5.703" classname="home.TestHomePage"/>
  <testcase name="get2019Elections" time="8.374" classname="home.TestHomePage"/>
  <testcase name="headerContent" classname="home.TestHomePage">
    <skipped/>
  </testcase> <!-- headerContent -->
  <testcase name="testOnTrending" classname="home.TestHomePage">
    <skipped/>
  </testcase> <!-- testOnTrending -->
  <testcase name="validateSearch" classname="home.TestHomePage">
    <skipped/>
  </testcase> <!-- validateSearch -->
  <testcase name="testOnLiveTV" classname="home.TestHomePage">
    <skipped/>
  </testcase> <!-- testOnLiveTV -->
</testsuite> <!-- home.TestHomePage -->
