<?xml version="1.0" encoding="UTF-8"?>
<!-- Generated by org.testng.reporters.JUnitReportReporter -->
<testsuite skipped="0" hostname="LAPTOP-LNOE2B0V" name="home.TestTypeText" tests="26" failures="0" timestamp="2019-10-18T16:22:20 EDT" time="357.061" errors="0">
  <testcase name="typeRepublicans" time="9.031" classname="home.TestTypeText"/>
  <testcase name="typeIphone" time="16.443" classname="home.TestTypeText"/>
  <testcase name="typeImpeachment" time="13.236" classname="home.TestTypeText"/>
  <testcase name="typeSamsung" time="5.592" classname="home.TestTypeText"/>
  <testcase name="typeFBI" time="16.874" classname="home.TestTypeText"/>
  <testcase name="typeNYPD" time="10.147" classname="home.TestTypeText"/>
  <testcase name="typeGadget" time="26.768" classname="home.TestTypeText"/>
  <testcase name="typeJustinBieber" time="18.214" classname="home.TestTypeText"/>
  <testcase name="typeIphonePro" time="5.886" classname="home.TestTypeText"/>
  <testcase name="typeCollege" time="19.791" classname="home.TestTypeText"/>
  <testcase name="typeTechnology" time="5.541" classname="home.TestTypeText"/>
  <testcase name="typeJoeBiden" time="15.961" classname="home.TestTypeText"/>
  <testcase name="typeDemocrats" time="7.153" classname="home.TestTypeText"/>
  <testcase name="typeTrump" time="18.783" classname="home.TestTypeText"/>
  <testcase name="typeBusiness" time="5.668" classname="home.TestTypeText"/>
  <testcase name="typeMta" time="5.743" classname="home.TestTypeText"/>
  <testcase name="typeNancyPelosi" time="9.417" classname="home.TestTypeText"/>
  <testcase name="typeVoting" time="5.845" classname="home.TestTypeText"/>
  <testcase name="typeUnemployment" time="5.891" classname="home.TestTypeText"/>
  <testcase name="typeGmailDarkMode" time="17.610" classname="home.TestTypeText"/>
  <testcase name="typeRecent" time="11.217" classname="home.TestTypeText"/>
  <testcase name="typeNYSubway" time="17.927" classname="home.TestTypeText"/>
  <testcase name="typeEconomy" time="8.603" classname="home.TestTypeText"/>
  <testcase name="typeConstitution" time="7.221" classname="home.TestTypeText"/>
  <testcase name="typeNasa" time="65.906" classname="home.TestTypeText"/>
  <testcase name="typeMichellePhan" time="6.593" classname="home.TestTypeText"/>
</testsuite> <!-- home.TestTypeText -->
