<?xml version="1.0" encoding="UTF-8"?>
<!-- Generated by org.testng.reporters.JUnitReportReporter -->
<testsuite skipped="0" hostname="LAPTOP-LNOE2B0V" name="home.TestCheckEdition" tests="5" failures="0" timestamp="2019-10-18T16:22:20 EDT" time="98.119" errors="0">
  <testcase name="checkEditionButton" time="20.844" classname="home.TestCheckEdition"/>
  <testcase name="checkEspanolEdition" time="19.817" classname="home.TestCheckEdition"/>
  <testcase name="checkUSEdition" time="15.294" classname="home.TestCheckEdition"/>
  <testcase name="checkArabicEdition" time="21.761" classname="home.TestCheckEdition"/>
  <testcase name="checkInternationalEd" time="20.403" classname="home.TestCheckEdition"/>
</testsuite> <!-- home.TestCheckEdition -->
