<?xml version="1.0" encoding="UTF-8"?>
<!-- Generated by org.testng.reporters.JUnitReportReporter -->
<testsuite skipped="0" hostname="LAPTOP-LNOE2B0V" name="home.TestCheckTitle" tests="1" failures="0" timestamp="2019-10-18T16:22:20 EDT" time="5.859" errors="0">
  <testcase name="checkTitle" time="5.859" classname="home.TestCheckTitle"/>
</testsuite> <!-- home.TestCheckTitle -->
