<?xml version="1.0" encoding="UTF-8"?>
<!-- Generated by org.testng.reporters.JUnitReportReporter -->
<testsuite skipped="0" hostname="LAPTOP-LNOE2B0V" name="home.TestSearchPage" tests="18" failures="0" timestamp="2019-10-04T19:25:04 EDT" time="168.563" errors="0">
  <testcase name="testInnovativeCitiesPage" time="7.513" classname="home.TestSearchPage"/>
  <testcase name="testDigitalStudiosPage" time="9.093" classname="home.TestSearchPage"/>
  <testcase name="navigateToPoliticsSection" time="10.685" classname="home.TestSearchPage"/>
  <testcase name="navigateToBusinessPage" time="28.060" classname="home.TestSearchPage"/>
  <testcase name="testSearchCoupons" time="7.651" classname="home.TestSearchPage"/>
  <testcase name="navigateTovideosPage" time="11.077" classname="home.TestSearchPage"/>
  <testcase name="checkTechPage" time="7.727" classname="home.TestSearchPage"/>
  <testcase name="testAsiaPage" time="7.912" classname="home.TestSearchPage"/>
  <testcase name="navigateToUsSection" time="7.938" classname="home.TestSearchPage"/>
  <testcase name="navigateToEntertainmentPage" time="7.585" classname="home.TestSearchPage"/>
  <testcase name="navigateToWorldSection" time="8.887" classname="home.TestSearchPage"/>
  <testcase name="navigateToStylePage" time="7.711" classname="home.TestSearchPage"/>
  <testcase name="navigateToSportsPage" time="7.319" classname="home.TestSearchPage"/>
  <testcase name="navigateToHealthPage" time="6.488" classname="home.TestSearchPage"/>
  <testcase name="navigateToTravelPage" time="8.062" classname="home.TestSearchPage"/>
  <testcase name="testEuropeSection" time="7.884" classname="home.TestSearchPage"/>
  <testcase name="navigateToOpinionPage" time="9.475" classname="home.TestSearchPage"/>
  <testcase name="testCNNFilmsPage" time="7.496" classname="home.TestSearchPage"/>
</testsuite> <!-- home.TestSearchPage -->
