<?xml version="1.0" encoding="UTF-8"?>
<!-- Generated by org.testng.reporters.JUnitReportReporter -->
<testsuite skipped="0" hostname="LAPTOP-LNOE2B0V" name="home.TestSearchText" tests="25" failures="0" timestamp="2019-10-18T16:22:20 EDT" time="289.539" errors="0">
  <testcase name="searchEnergy" time="16.067" classname="home.TestSearchText"/>
  <testcase name="followOnInstagram" time="5.528" classname="home.TestSearchText"/>
  <testcase name="searchBasketball" time="6.828" classname="home.TestSearchText"/>
  <testcase name="searchUSCrime" time="10.371" classname="home.TestSearchText"/>
  <testcase name="searchFashion" time="6.691" classname="home.TestSearchText"/>
  <testcase name="cnnCareers" time="16.273" classname="home.TestSearchText"/>
  <testcase name="searchTvSchedule" time="16.303" classname="home.TestSearchText"/>
  <testcase name="searchOlympics" time="7.482" classname="home.TestSearchText"/>
  <testcase name="getCongress" time="16.060" classname="home.TestSearchText"/>
  <testcase name="searchWeather" time="12.712" classname="home.TestSearchText"/>
  <testcase name="searchUS" time="13.668" classname="home.TestSearchText"/>
  <testcase name="followOnTwitter" time="16.694" classname="home.TestSearchText"/>
  <testcase name="searchSocial" time="5.943" classname="home.TestSearchText"/>
  <testcase name="searchMedia" time="7.757" classname="home.TestSearchText"/>
  <testcase name="searchPhotos" time="6.712" classname="home.TestSearchText"/>
  <testcase name="searchCollegeFootball" time="16.090" classname="home.TestSearchText"/>
  <testcase name="searchGadgets" time="19.195" classname="home.TestSearchText"/>
  <testcase name="searchBangladesh" time="16.780" classname="home.TestSearchText"/>
  <testcase name="searchOpinion" time="6.767" classname="home.TestSearchText"/>
  <testcase name="testSearchFood" time="13.533" classname="home.TestSearchText"/>
  <testcase name="searchNews" time="6.426" classname="home.TestSearchText"/>
  <testcase name="followOnFacebook" time="17.692" classname="home.TestSearchText"/>
  <testcase name="getChina" time="16.087" classname="home.TestSearchText"/>
  <testcase name="searchLifestyle" time="6.282" classname="home.TestSearchText"/>
  <testcase name="searchCNNProfile" time="5.598" classname="home.TestSearchText"/>
</testsuite> <!-- home.TestSearchText -->
