<?xml version="1.0" encoding="UTF-8"?>
<!-- Generated by org.testng.reporters.JUnitReportReporter -->
<testsuite skipped="0" hostname="LAPTOP-LNOE2B0V" name="home.TestCnnCareers" tests="18" failures="0" timestamp="2019-10-18T16:22:20 EDT" time="187.014" errors="0">
  <testcase name="getITJobs" time="5.723" classname="home.TestCnnCareers"/>
  <testcase name="checkCareersUrl" time="5.984" classname="home.TestCnnCareers"/>
  <testcase name="filterByAdminJobs" time="6.051" classname="home.TestCnnCareers"/>
  <testcase name="findCnnLeadership" time="11.843" classname="home.TestCnnCareers"/>
  <testcase name="getSports" time="6.190" classname="home.TestCnnCareers"/>
  <testcase name="signUpForNewsLetter" time="15.930" classname="home.TestCnnCareers"/>
  <testcase name="filterByBusinessDevJobs" time="11.762" classname="home.TestCnnCareers"/>
  <testcase name="getNews" time="6.544" classname="home.TestCnnCareers"/>
  <testcase name="filterByAnalyticsJobs" time="5.694" classname="home.TestCnnCareers"/>
  <testcase name="filterByCountry" time="9.713" classname="home.TestCnnCareers"/>
  <testcase name="searchAdminJobs" time="9.795" classname="home.TestCnnCareers"/>
  <testcase name="searchFinanceJobs" time="6.063" classname="home.TestCnnCareers"/>
  <testcase name="filterByUK" time="19.506" classname="home.TestCnnCareers"/>
  <testcase name="filterByCountryUsa" time="6.004" classname="home.TestCnnCareers"/>
  <testcase name="searchByLocation" time="8.318" classname="home.TestCnnCareers"/>
  <testcase name="scrollToViewCnnCareers" time="6.485" classname="home.TestCnnCareers"/>
  <testcase name="searchTechJobs" time="18.531" classname="home.TestCnnCareers"/>
  <testcase name="findInnovativeCities" time="26.878" classname="home.TestCnnCareers"/>
</testsuite> <!-- home.TestCnnCareers -->
